<?xml version="1.0" encoding="UTF-8"?>
<testng-results ignored="0" total="1" passed="1" failed="0" skipped="0">
  <reporter-output>
  </reporter-output>
  <suite started-at="2024-05-01T02:16:13 IST" name="Regression Suite" finished-at="2024-05-01T02:16:13 IST" duration-ms="47">
    <groups>
    </groups>
    <test started-at="2024-05-01T02:16:13 IST" name="test1" finished-at="2024-05-01T02:16:13 IST" duration-ms="47">
      <class name="tests.loginTest">
        <test-method signature="login()[pri:0, instance:tests.loginTest@4ef37659]" started-at="2024-05-01T02:16:13 IST" name="login" finished-at="2024-05-01T02:16:13 IST" duration-ms="5" status="PASS">
          <reporter-output>
          </reporter-output>
        </test-method> <!-- login -->
      </class> <!-- tests.loginTest -->
    </test> <!-- test1 -->
  </suite> <!-- Regression Suite -->
</testng-results>
